[debug] [2024-01-29T15:31:37.985Z] ----------------------------------------------------------------------
[debug] [2024-01-29T15:31:38.023Z] Command:       C:\Program Files\nodejs\node.exe C:\Users\darm1\AppData\Roaming\npm\node_modules\firebase-tools\lib\bin\firebase.js deploy
[debug] [2024-01-29T15:31:38.023Z] CLI Version:   12.9.1
[debug] [2024-01-29T15:31:38.024Z] Platform:      win32
[debug] [2024-01-29T15:31:38.024Z] Node Version:  v20.10.0
[debug] [2024-01-29T15:31:38.024Z] Time:          Mon Jan 29 2024 10:31:38 GMT-0500 (hora estándar de Colombia)
[debug] [2024-01-29T15:31:38.024Z] ----------------------------------------------------------------------
[debug] 
[debug] [2024-01-29T15:31:38.035Z] >>> [apiv2][query] GET https://firebase-public.firebaseio.com/cli.json [none]
[debug] [2024-01-29T15:31:38.358Z] > command requires scopes: ["email","openid","https://www.googleapis.com/auth/cloudplatformprojects.readonly","https://www.googleapis.com/auth/firebase","https://www.googleapis.com/auth/cloud-platform"]
[debug] [2024-01-29T15:31:38.359Z] > authorizing via signed-in user (darm1980@gmail.com)
[debug] [2024-01-29T15:31:38.360Z] [iam] checking project highkeystaff-register for permissions ["firebase.projects.get","firebasehosting.sites.update"]
[debug] [2024-01-29T15:31:38.362Z] > refreshing access token with scopes: []
[debug] [2024-01-29T15:31:38.364Z] >>> [apiv2][query] POST https://www.googleapis.com/oauth2/v3/token [none]
[debug] [2024-01-29T15:31:38.365Z] >>> [apiv2][body] POST https://www.googleapis.com/oauth2/v3/token [omitted]
[debug] [2024-01-29T15:31:38.627Z] <<< [apiv2][status] GET https://firebase-public.firebaseio.com/cli.json 200
[debug] [2024-01-29T15:31:38.628Z] <<< [apiv2][body] GET https://firebase-public.firebaseio.com/cli.json {"cloudBuildErrorAfter":1594252800000,"cloudBuildWarnAfter":1590019200000,"defaultNode10After":1594252800000,"minVersion":"3.0.5","node8DeploysDisabledAfter":1613390400000,"node8RuntimeDisabledAfter":1615809600000,"node8WarnAfter":1600128000000}
[debug] [2024-01-29T15:31:38.657Z] <<< [apiv2][status] POST https://www.googleapis.com/oauth2/v3/token 200
[debug] [2024-01-29T15:31:38.657Z] <<< [apiv2][body] POST https://www.googleapis.com/oauth2/v3/token [omitted]
[debug] [2024-01-29T15:31:38.670Z] >>> [apiv2][query] POST https://cloudresourcemanager.googleapis.com/v1/projects/highkeystaff-register:testIamPermissions [none]
[debug] [2024-01-29T15:31:38.670Z] >>> [apiv2][(partial)header] POST https://cloudresourcemanager.googleapis.com/v1/projects/highkeystaff-register:testIamPermissions x-goog-quota-user=projects/highkeystaff-register
[debug] [2024-01-29T15:31:38.670Z] >>> [apiv2][body] POST https://cloudresourcemanager.googleapis.com/v1/projects/highkeystaff-register:testIamPermissions {"permissions":["firebase.projects.get","firebasehosting.sites.update"]}
[debug] [2024-01-29T15:31:39.211Z] <<< [apiv2][status] POST https://cloudresourcemanager.googleapis.com/v1/projects/highkeystaff-register:testIamPermissions 200
[debug] [2024-01-29T15:31:39.211Z] <<< [apiv2][body] POST https://cloudresourcemanager.googleapis.com/v1/projects/highkeystaff-register:testIamPermissions {"permissions":["firebase.projects.get","firebasehosting.sites.update"]}
[debug] [2024-01-29T15:31:39.214Z] >>> [apiv2][query] GET https://firebase.googleapis.com/v1beta1/projects/highkeystaff-register [none]
[debug] [2024-01-29T15:31:39.572Z] <<< [apiv2][status] GET https://firebase.googleapis.com/v1beta1/projects/highkeystaff-register 200
[debug] [2024-01-29T15:31:39.573Z] <<< [apiv2][body] GET https://firebase.googleapis.com/v1beta1/projects/highkeystaff-register {"projectId":"highkeystaff-register","projectNumber":"490008510541","displayName":"HighkeyStaff-Register","name":"projects/highkeystaff-register","resources":{"hostingSite":"highkeystaff-register"},"state":"ACTIVE","etag":"1_d1fcb8cb-7d53-4c74-ab12-301dfac9a0f6"}
[debug] [2024-01-29T15:31:54.296Z] >>> [apiv2][query] GET https://firebasehosting.googleapis.com/v1beta1/projects/highkeystaff-register/sites pageToken=&pageSize=10
[debug] [2024-01-29T15:31:55.355Z] <<< [apiv2][status] GET https://firebasehosting.googleapis.com/v1beta1/projects/highkeystaff-register/sites 200
[debug] [2024-01-29T15:31:55.355Z] <<< [apiv2][body] GET https://firebasehosting.googleapis.com/v1beta1/projects/highkeystaff-register/sites {"sites":[{"name":"projects/highkeystaff-register/sites/highkeystaff-register","defaultUrl":"https://highkeystaff-register.web.app","type":"DEFAULT_SITE"}]}
[debug] [2024-01-29T15:31:55.356Z] >>> [apiv2][query] GET https://firebasehosting.googleapis.com/v1beta1/projects/highkeystaff-register/sites 
[debug] [2024-01-29T15:31:55.863Z] <<< [apiv2][status] GET https://firebasehosting.googleapis.com/v1beta1/projects/highkeystaff-register/sites 200
[debug] [2024-01-29T15:31:55.864Z] <<< [apiv2][body] GET https://firebasehosting.googleapis.com/v1beta1/projects/highkeystaff-register/sites {"sites":[{"name":"projects/highkeystaff-register/sites/highkeystaff-register","defaultUrl":"https://highkeystaff-register.web.app","type":"DEFAULT_SITE"}]}
[debug] [2024-01-29T15:31:55.864Z] >>> [apiv2][query] GET https://firebase.googleapis.com/v1beta1/projects/highkeystaff-register/webApps/-/config [none]
[debug] [2024-01-29T15:31:56.354Z] <<< [apiv2][status] GET https://firebase.googleapis.com/v1beta1/projects/highkeystaff-register/webApps/-/config 200
[debug] [2024-01-29T15:31:56.354Z] <<< [apiv2][body] GET https://firebase.googleapis.com/v1beta1/projects/highkeystaff-register/webApps/-/config {"projectId":"highkeystaff-register","appId":"1:490008510541:web:231701ea69034f64a71c04","storageBucket":"highkeystaff-register.appspot.com","apiKey":"AIzaSyCPRNAhws4DCBYGPNrgQ9L7jwIIDDcxxCM","authDomain":"highkeystaff-register.firebaseapp.com","messagingSenderId":"490008510541"}
[debug] [2024-01-29T15:32:36.733Z] SyntaxError: Unexpected end of JSON input
    at JSON.parse (<anonymous>)
    at findDependency (C:\Users\darm1\AppData\Roaming\npm\node_modules\firebase-tools\lib\frameworks\utils.js:187:23)
    at discover (C:\Users\darm1\AppData\Roaming\npm\node_modules\firebase-tools\lib\frameworks\vite\index.js:41:71)
    at C:\Users\darm1\AppData\Roaming\npm\node_modules\firebase-tools\lib\frameworks\vite\index.js:34:69
    at discover (C:\Users\darm1\AppData\Roaming\npm\node_modules\firebase-tools\lib\frameworks\index.js:46:38)
    at async prepareFrameworks (C:\Users\darm1\AppData\Roaming\npm\node_modules\firebase-tools\lib\frameworks\index.js:188:25)
    at async deploy (C:\Users\darm1\AppData\Roaming\npm\node_modules\firebase-tools\lib\deploy\index.js:55:13)
[error] 
[error] Error: An unexpected error has occurred.
[debug] [2024-01-29T15:33:43.107Z] ----------------------------------------------------------------------
[debug] [2024-01-29T15:33:43.131Z] Command:       C:\Program Files\nodejs\node.exe C:\Users\darm1\AppData\Roaming\npm\node_modules\firebase-tools\lib\bin\firebase.js deploy
[debug] [2024-01-29T15:33:43.132Z] CLI Version:   12.9.1
[debug] [2024-01-29T15:33:43.133Z] Platform:      win32
[debug] [2024-01-29T15:33:43.133Z] Node Version:  v20.10.0
[debug] [2024-01-29T15:33:43.134Z] Time:          Mon Jan 29 2024 10:33:43 GMT-0500 (hora estándar de Colombia)
[debug] [2024-01-29T15:33:43.134Z] ----------------------------------------------------------------------
[debug] 
[debug] [2024-01-29T15:33:43.338Z] > command requires scopes: ["email","openid","https://www.googleapis.com/auth/cloudplatformprojects.readonly","https://www.googleapis.com/auth/firebase","https://www.googleapis.com/auth/cloud-platform"]
[debug] [2024-01-29T15:33:43.339Z] > authorizing via signed-in user (darm1980@gmail.com)
[debug] [2024-01-29T15:33:43.340Z] [iam] checking project highkeystaff-register for permissions ["firebase.projects.get","firebasehosting.sites.update"]
[debug] [2024-01-29T15:33:43.346Z] >>> [apiv2][query] POST https://cloudresourcemanager.googleapis.com/v1/projects/highkeystaff-register:testIamPermissions [none]
[debug] [2024-01-29T15:33:43.347Z] >>> [apiv2][(partial)header] POST https://cloudresourcemanager.googleapis.com/v1/projects/highkeystaff-register:testIamPermissions x-goog-quota-user=projects/highkeystaff-register
[debug] [2024-01-29T15:33:43.348Z] >>> [apiv2][body] POST https://cloudresourcemanager.googleapis.com/v1/projects/highkeystaff-register:testIamPermissions {"permissions":["firebase.projects.get","firebasehosting.sites.update"]}
[debug] [2024-01-29T15:33:44.023Z] <<< [apiv2][status] POST https://cloudresourcemanager.googleapis.com/v1/projects/highkeystaff-register:testIamPermissions 200
[debug] [2024-01-29T15:33:44.023Z] <<< [apiv2][body] POST https://cloudresourcemanager.googleapis.com/v1/projects/highkeystaff-register:testIamPermissions {"permissions":["firebase.projects.get","firebasehosting.sites.update"]}
[debug] [2024-01-29T15:33:44.025Z] >>> [apiv2][query] GET https://firebase.googleapis.com/v1beta1/projects/highkeystaff-register [none]
[debug] [2024-01-29T15:33:44.379Z] <<< [apiv2][status] GET https://firebase.googleapis.com/v1beta1/projects/highkeystaff-register 200
[debug] [2024-01-29T15:33:44.379Z] <<< [apiv2][body] GET https://firebase.googleapis.com/v1beta1/projects/highkeystaff-register {"projectId":"highkeystaff-register","projectNumber":"490008510541","displayName":"HighkeyStaff-Register","name":"projects/highkeystaff-register","resources":{"hostingSite":"highkeystaff-register"},"state":"ACTIVE","etag":"1_d1fcb8cb-7d53-4c74-ab12-301dfac9a0f6"}
[debug] [2024-01-29T15:33:57.606Z] >>> [apiv2][query] GET https://firebasehosting.googleapis.com/v1beta1/projects/highkeystaff-register/sites pageToken=&pageSize=10
[debug] [2024-01-29T15:33:58.611Z] <<< [apiv2][status] GET https://firebasehosting.googleapis.com/v1beta1/projects/highkeystaff-register/sites 200
[debug] [2024-01-29T15:33:58.612Z] <<< [apiv2][body] GET https://firebasehosting.googleapis.com/v1beta1/projects/highkeystaff-register/sites {"sites":[{"name":"projects/highkeystaff-register/sites/highkeystaff-register","defaultUrl":"https://highkeystaff-register.web.app","type":"DEFAULT_SITE"}]}
[debug] [2024-01-29T15:33:58.614Z] >>> [apiv2][query] GET https://firebasehosting.googleapis.com/v1beta1/projects/highkeystaff-register/sites 
[debug] [2024-01-29T15:33:59.088Z] <<< [apiv2][status] GET https://firebasehosting.googleapis.com/v1beta1/projects/highkeystaff-register/sites 200
[debug] [2024-01-29T15:33:59.089Z] <<< [apiv2][body] GET https://firebasehosting.googleapis.com/v1beta1/projects/highkeystaff-register/sites {"sites":[{"name":"projects/highkeystaff-register/sites/highkeystaff-register","defaultUrl":"https://highkeystaff-register.web.app","type":"DEFAULT_SITE"}]}
[debug] [2024-01-29T15:33:59.090Z] >>> [apiv2][query] GET https://firebase.googleapis.com/v1beta1/projects/highkeystaff-register/webApps/-/config [none]
[debug] [2024-01-29T15:33:59.550Z] <<< [apiv2][status] GET https://firebase.googleapis.com/v1beta1/projects/highkeystaff-register/webApps/-/config 200
[debug] [2024-01-29T15:33:59.550Z] <<< [apiv2][body] GET https://firebase.googleapis.com/v1beta1/projects/highkeystaff-register/webApps/-/config {"projectId":"highkeystaff-register","appId":"1:490008510541:web:231701ea69034f64a71c04","storageBucket":"highkeystaff-register.appspot.com","apiKey":"AIzaSyCPRNAhws4DCBYGPNrgQ9L7jwIIDDcxxCM","authDomain":"highkeystaff-register.firebaseapp.com","messagingSenderId":"490008510541"}
[info] 
   Thank you for trying our early preview of Angular support on Firebase Hosting.
   During the preview, support is best-effort and breaking changes can be expected. Proceed with caution.

   Documentation: https://firebase.google.com/docs/hosting/frameworks/angular
   File a bug: https://github.com/firebase/firebase-tools/issues/new?template=bug_report.md
   Submit a feature request: https://github.com/firebase/firebase-tools/issues/new?template=feature_request.md

   We'd love to learn from you. Express your interest in helping us shape the future of Firebase Hosting: https://goo.gle/41enW5X

[debug] [2024-01-29T15:36:50.410Z] Error: EBUSY: resource busy or locked, unlink 'C:\Users\darm1\LABORAL_LOCAL\LyM\app_registros\.firebase\highkeystaff-register\hosting\favicon.ico'
[error] 
[error] Error: An unexpected error has occurred.
